<?xml version="1.0" encoding="UTF-8"?>
<testsuite xmlns:xsi="http://www.w3.org/2001/XMLSchema-instance" xsi:noNamespaceSchemaLocation="https://maven.apache.org/surefire/maven-failsafe-plugin/xsd/failsafe-test-report-3.0.xsd" version="3.0" name="com.telstra.codechallenge.FunctionalIT" time="11.453" tests="5" errors="0" skipped="0" failures="2">
  <properties>
[...]
</properties>
  <testcase name="testMicroservice" classname="com.telstra.codechallenge.FunctionalIT" time="0.817">
    <system-out><![CDATA[16:50:33.520 [main] DEBUG com.jayway.jsonpath.internal.path.CompiledPath - Evaluating path: $
16:50:34.139 [main] DEBUG org.apache.http.client.protocol.RequestAddCookies - CookieSpec selected: karate
16:50:34.148 [main] DEBUG org.apache.http.client.protocol.RequestAuthCache - Auth cache not set in the context
16:50:34.149 [main] DEBUG com.intuit.karate - request:
1 > GET http://localhost:8080/actuator/health
1 > Accept-Encoding: gzip,deflate
1 > Connection: Keep-Alive
1 > Host: localhost:8080
1 > User-Agent: Apache-HttpClient/4.5.11 (Java/1.8.0_202)

16:50:34.151 [main] DEBUG org.apache.http.impl.conn.PoolingHttpClientConnectionManager - Connection request: [route: {}->http://localhost:8080][total available: 0; route allocated: 0 of 5; total allocated: 0 of 10]
16:50:34.164 [main] DEBUG org.apache.http.impl.conn.PoolingHttpClientConnectionManager - Connection leased: [id: 0][route: {}->http://localhost:8080][total available: 0; route allocated: 1 of 5; total allocated: 1 of 10]
16:50:34.165 [main] DEBUG org.apache.http.impl.execchain.MainClientExec - Opening connection {}->http://localhost:8080
16:50:34.170 [main] DEBUG org.apache.http.impl.conn.DefaultHttpClientConnectionOperator - Connecting to localhost/127.0.0.1:8080
16:50:34.172 [main] DEBUG org.apache.http.impl.conn.DefaultHttpClientConnectionOperator - Connection established 127.0.0.1:52695<->127.0.0.1:8080
16:50:34.172 [main] DEBUG org.apache.http.impl.conn.DefaultManagedHttpClientConnection - http-outgoing-0: set socket timeout to 5000
16:50:34.172 [main] DEBUG org.apache.http.impl.execchain.MainClientExec - Executing request GET /actuator/health HTTP/1.1
16:50:34.172 [main] DEBUG org.apache.http.impl.execchain.MainClientExec - Target auth state: UNCHALLENGED
16:50:34.173 [main] DEBUG org.apache.http.impl.execchain.MainClientExec - Proxy auth state: UNCHALLENGED
16:50:34.174 [main] DEBUG org.apache.http.headers - http-outgoing-0 >> GET /actuator/health HTTP/1.1
16:50:34.174 [main] DEBUG org.apache.http.headers - http-outgoing-0 >> Host: localhost:8080
16:50:34.174 [main] DEBUG org.apache.http.headers - http-outgoing-0 >> Connection: Keep-Alive
16:50:34.174 [main] DEBUG org.apache.http.headers - http-outgoing-0 >> User-Agent: Apache-HttpClient/4.5.11 (Java/1.8.0_202)
16:50:34.174 [main] DEBUG org.apache.http.headers - http-outgoing-0 >> Accept-Encoding: gzip,deflate
16:50:34.175 [main] DEBUG org.apache.http.wire - http-outgoing-0 >> "GET /actuator/health HTTP/1.1[\r][\n]"
16:50:34.175 [main] DEBUG org.apache.http.wire - http-outgoing-0 >> "Host: localhost:8080[\r][\n]"
16:50:34.175 [main] DEBUG org.apache.http.wire - http-outgoing-0 >> "Connection: Keep-Alive[\r][\n]"
16:50:34.175 [main] DEBUG org.apache.http.wire - http-outgoing-0 >> "User-Agent: Apache-HttpClient/4.5.11 (Java/1.8.0_202)[\r][\n]"
16:50:34.175 [main] DEBUG org.apache.http.wire - http-outgoing-0 >> "Accept-Encoding: gzip,deflate[\r][\n]"
16:50:34.175 [main] DEBUG org.apache.http.wire - http-outgoing-0 >> "[\r][\n]"
16:50:34.180 [main] DEBUG org.apache.http.wire - http-outgoing-0 << "HTTP/1.1 200 [\r][\n]"
16:50:34.180 [main] DEBUG org.apache.http.wire - http-outgoing-0 << "X-Content-Type-Options: nosniff[\r][\n]"
16:50:34.180 [main] DEBUG org.apache.http.wire - http-outgoing-0 << "X-XSS-Protection: 1; mode=block[\r][\n]"
16:50:34.180 [main] DEBUG org.apache.http.wire - http-outgoing-0 << "Cache-Control: no-cache, no-store, max-age=0, must-revalidate[\r][\n]"
16:50:34.180 [main] DEBUG org.apache.http.wire - http-outgoing-0 << "Pragma: no-cache[\r][\n]"
16:50:34.180 [main] DEBUG org.apache.http.wire - http-outgoing-0 << "Expires: 0[\r][\n]"
16:50:34.180 [main] DEBUG org.apache.http.wire - http-outgoing-0 << "X-Frame-Options: DENY[\r][\n]"
16:50:34.180 [main] DEBUG org.apache.http.wire - http-outgoing-0 << "Content-Type: application/vnd.spring-boot.actuator.v3+json[\r][\n]"
16:50:34.180 [main] DEBUG org.apache.http.wire - http-outgoing-0 << "Transfer-Encoding: chunked[\r][\n]"
16:50:34.180 [main] DEBUG org.apache.http.wire - http-outgoing-0 << "Date: Tue, 10 May 2022 06:50:34 GMT[\r][\n]"
16:50:34.180 [main] DEBUG org.apache.http.wire - http-outgoing-0 << "Keep-Alive: timeout=60[\r][\n]"
16:50:34.180 [main] DEBUG org.apache.http.wire - http-outgoing-0 << "Connection: keep-alive[\r][\n]"
16:50:34.180 [main] DEBUG org.apache.http.wire - http-outgoing-0 << "[\r][\n]"
16:50:34.180 [main] DEBUG org.apache.http.wire - http-outgoing-0 << "f[\r][\n]"
16:50:34.180 [main] DEBUG org.apache.http.wire - http-outgoing-0 << "{"status":"UP"}[\r][\n]"
16:50:34.183 [main] DEBUG org.apache.http.headers - http-outgoing-0 << HTTP/1.1 200 
16:50:34.183 [main] DEBUG org.apache.http.headers - http-outgoing-0 << X-Content-Type-Options: nosniff
16:50:34.183 [main] DEBUG org.apache.http.headers - http-outgoing-0 << X-XSS-Protection: 1; mode=block
16:50:34.183 [main] DEBUG org.apache.http.headers - http-outgoing-0 << Cache-Control: no-cache, no-store, max-age=0, must-revalidate
16:50:34.183 [main] DEBUG org.apache.http.headers - http-outgoing-0 << Pragma: no-cache
16:50:34.183 [main] DEBUG org.apache.http.headers - http-outgoing-0 << Expires: 0
16:50:34.183 [main] DEBUG org.apache.http.headers - http-outgoing-0 << X-Frame-Options: DENY
16:50:34.183 [main] DEBUG org.apache.http.headers - http-outgoing-0 << Content-Type: application/vnd.spring-boot.actuator.v3+json
16:50:34.183 [main] DEBUG org.apache.http.headers - http-outgoing-0 << Transfer-Encoding: chunked
16:50:34.184 [main] DEBUG org.apache.http.headers - http-outgoing-0 << Date: Tue, 10 May 2022 06:50:34 GMT
16:50:34.184 [main] DEBUG org.apache.http.headers - http-outgoing-0 << Keep-Alive: timeout=60
16:50:34.184 [main] DEBUG org.apache.http.headers - http-outgoing-0 << Connection: keep-alive
16:50:34.188 [main] DEBUG org.apache.http.impl.execchain.MainClientExec - Connection can be kept alive for 60000 MILLISECONDS
16:50:34.191 [main] DEBUG org.apache.http.wire - http-outgoing-0 << "0[\r][\n]"
16:50:34.191 [main] DEBUG org.apache.http.wire - http-outgoing-0 << "[\r][\n]"
16:50:34.191 [main] DEBUG org.apache.http.impl.conn.PoolingHttpClientConnectionManager - Connection [id: 0][route: {}->http://localhost:8080] can be kept alive for 60.0 seconds
16:50:34.191 [main] DEBUG org.apache.http.impl.conn.DefaultManagedHttpClientConnection - http-outgoing-0: set socket timeout to 0
16:50:34.191 [main] DEBUG org.apache.http.impl.conn.PoolingHttpClientConnectionManager - Connection released: [id: 0][route: {}->http://localhost:8080][total available: 1; route allocated: 1 of 5; total allocated: 1 of 10]
16:50:34.192 [main] DEBUG com.intuit.karate - response time in milliseconds: 39.88
1 < 200
1 < Cache-Control: no-cache, no-store, max-age=0, must-revalidate
1 < Connection: keep-alive
1 < Content-Type: application/vnd.spring-boot.actuator.v3+json
1 < Date: Tue, 10 May 2022 06:50:34 GMT
1 < Expires: 0
1 < Keep-Alive: timeout=60
1 < Pragma: no-cache
1 < Transfer-Encoding: chunked
1 < X-Content-Type-Options: nosniff
1 < X-Frame-Options: DENY
1 < X-XSS-Protection: 1; mode=block
{"status":"UP"}

16:50:34.194 [main] DEBUG com.jayway.jsonpath.internal.path.CompiledPath - Evaluating path: $
16:50:34.194 [main] DEBUG com.jayway.jsonpath.internal.path.CompiledPath - Evaluating path: $
16:50:34.194 [main] DEBUG com.jayway.jsonpath.internal.path.CompiledPath - Evaluating path: $
]]></system-out>
  </testcase>
  <testcase name="testMicroservice" classname="com.telstra.codechallenge.FunctionalIT" time="0.111">
    <system-out><![CDATA[16:50:34.208 [main] DEBUG com.jayway.jsonpath.internal.path.CompiledPath - Evaluating path: $
16:50:34.210 [main] DEBUG org.apache.http.client.protocol.RequestAddCookies - CookieSpec selected: karate
16:50:34.211 [main] DEBUG org.apache.http.client.protocol.RequestAuthCache - Auth cache not set in the context
16:50:34.211 [main] DEBUG com.intuit.karate - request:
1 > GET http://localhost:8080/actuator/info
1 > Accept-Encoding: gzip,deflate
1 > Connection: Keep-Alive
1 > Host: localhost:8080
1 > User-Agent: Apache-HttpClient/4.5.11 (Java/1.8.0_202)

16:50:34.212 [main] DEBUG org.apache.http.impl.conn.PoolingHttpClientConnectionManager - Connection request: [route: {}->http://localhost:8080][total available: 0; route allocated: 0 of 5; total allocated: 0 of 10]
16:50:34.212 [main] DEBUG org.apache.http.impl.conn.PoolingHttpClientConnectionManager - Connection leased: [id: 1][route: {}->http://localhost:8080][total available: 0; route allocated: 1 of 5; total allocated: 1 of 10]
16:50:34.212 [main] DEBUG org.apache.http.impl.execchain.MainClientExec - Opening connection {}->http://localhost:8080
16:50:34.213 [main] DEBUG org.apache.http.impl.conn.DefaultHttpClientConnectionOperator - Connecting to localhost/127.0.0.1:8080
16:50:34.213 [main] DEBUG org.apache.http.impl.conn.DefaultHttpClientConnectionOperator - Connection established 127.0.0.1:52696<->127.0.0.1:8080
16:50:34.213 [main] DEBUG org.apache.http.impl.conn.DefaultManagedHttpClientConnection - http-outgoing-1: set socket timeout to 5000
16:50:34.213 [main] DEBUG org.apache.http.impl.execchain.MainClientExec - Executing request GET /actuator/info HTTP/1.1
16:50:34.213 [main] DEBUG org.apache.http.impl.execchain.MainClientExec - Target auth state: UNCHALLENGED
16:50:34.213 [main] DEBUG org.apache.http.impl.execchain.MainClientExec - Proxy auth state: UNCHALLENGED
16:50:34.214 [main] DEBUG org.apache.http.headers - http-outgoing-1 >> GET /actuator/info HTTP/1.1
16:50:34.214 [main] DEBUG org.apache.http.headers - http-outgoing-1 >> Host: localhost:8080
16:50:34.214 [main] DEBUG org.apache.http.headers - http-outgoing-1 >> Connection: Keep-Alive
16:50:34.214 [main] DEBUG org.apache.http.headers - http-outgoing-1 >> User-Agent: Apache-HttpClient/4.5.11 (Java/1.8.0_202)
16:50:34.214 [main] DEBUG org.apache.http.headers - http-outgoing-1 >> Accept-Encoding: gzip,deflate
16:50:34.214 [main] DEBUG org.apache.http.wire - http-outgoing-1 >> "GET /actuator/info HTTP/1.1[\r][\n]"
16:50:34.214 [main] DEBUG org.apache.http.wire - http-outgoing-1 >> "Host: localhost:8080[\r][\n]"
16:50:34.214 [main] DEBUG org.apache.http.wire - http-outgoing-1 >> "Connection: Keep-Alive[\r][\n]"
16:50:34.214 [main] DEBUG org.apache.http.wire - http-outgoing-1 >> "User-Agent: Apache-HttpClient/4.5.11 (Java/1.8.0_202)[\r][\n]"
16:50:34.214 [main] DEBUG org.apache.http.wire - http-outgoing-1 >> "Accept-Encoding: gzip,deflate[\r][\n]"
16:50:34.214 [main] DEBUG org.apache.http.wire - http-outgoing-1 >> "[\r][\n]"
16:50:34.225 [main] DEBUG org.apache.http.wire - http-outgoing-1 << "HTTP/1.1 200 [\r][\n]"
16:50:34.225 [main] DEBUG org.apache.http.wire - http-outgoing-1 << "X-Content-Type-Options: nosniff[\r][\n]"
16:50:34.225 [main] DEBUG org.apache.http.wire - http-outgoing-1 << "X-XSS-Protection: 1; mode=block[\r][\n]"
16:50:34.225 [main] DEBUG org.apache.http.wire - http-outgoing-1 << "Cache-Control: no-cache, no-store, max-age=0, must-revalidate[\r][\n]"
16:50:34.225 [main] DEBUG org.apache.http.wire - http-outgoing-1 << "Pragma: no-cache[\r][\n]"
16:50:34.225 [main] DEBUG org.apache.http.wire - http-outgoing-1 << "Expires: 0[\r][\n]"
16:50:34.225 [main] DEBUG org.apache.http.wire - http-outgoing-1 << "X-Frame-Options: DENY[\r][\n]"
16:50:34.225 [main] DEBUG org.apache.http.wire - http-outgoing-1 << "Content-Type: application/vnd.spring-boot.actuator.v3+json[\r][\n]"
16:50:34.225 [main] DEBUG org.apache.http.wire - http-outgoing-1 << "Transfer-Encoding: chunked[\r][\n]"
16:50:34.225 [main] DEBUG org.apache.http.wire - http-outgoing-1 << "Date: Tue, 10 May 2022 06:50:34 GMT[\r][\n]"
16:50:34.226 [main] DEBUG org.apache.http.wire - http-outgoing-1 << "Keep-Alive: timeout=60[\r][\n]"
16:50:34.226 [main] DEBUG org.apache.http.wire - http-outgoing-1 << "Connection: keep-alive[\r][\n]"
16:50:34.226 [main] DEBUG org.apache.http.wire - http-outgoing-1 << "[\r][\n]"
16:50:34.226 [main] DEBUG org.apache.http.wire - http-outgoing-1 << "9d[\r][\n]"
16:50:34.226 [main] DEBUG org.apache.http.wire - http-outgoing-1 << "{"build":{"version":"1.0.0-SNAPSHOT","artifact":"microservice","name":"microservice","group":"com.telstra.code-challenge","time":"2022-05-10T06:50:14.281Z"}}[\r][\n]"
16:50:34.226 [main] DEBUG org.apache.http.headers - http-outgoing-1 << HTTP/1.1 200 
16:50:34.226 [main] DEBUG org.apache.http.headers - http-outgoing-1 << X-Content-Type-Options: nosniff
16:50:34.226 [main] DEBUG org.apache.http.headers - http-outgoing-1 << X-XSS-Protection: 1; mode=block
16:50:34.226 [main] DEBUG org.apache.http.headers - http-outgoing-1 << Cache-Control: no-cache, no-store, max-age=0, must-revalidate
16:50:34.226 [main] DEBUG org.apache.http.headers - http-outgoing-1 << Pragma: no-cache
16:50:34.226 [main] DEBUG org.apache.http.headers - http-outgoing-1 << Expires: 0
16:50:34.226 [main] DEBUG org.apache.http.headers - http-outgoing-1 << X-Frame-Options: DENY
16:50:34.226 [main] DEBUG org.apache.http.headers - http-outgoing-1 << Content-Type: application/vnd.spring-boot.actuator.v3+json
16:50:34.226 [main] DEBUG org.apache.http.headers - http-outgoing-1 << Transfer-Encoding: chunked
16:50:34.226 [main] DEBUG org.apache.http.headers - http-outgoing-1 << Date: Tue, 10 May 2022 06:50:34 GMT
16:50:34.226 [main] DEBUG org.apache.http.headers - http-outgoing-1 << Keep-Alive: timeout=60
16:50:34.226 [main] DEBUG org.apache.http.headers - http-outgoing-1 << Connection: keep-alive
16:50:34.226 [main] DEBUG org.apache.http.impl.execchain.MainClientExec - Connection can be kept alive for 60000 MILLISECONDS
16:50:34.227 [main] DEBUG org.apache.http.wire - http-outgoing-1 << "0[\r][\n]"
16:50:34.227 [main] DEBUG org.apache.http.wire - http-outgoing-1 << "[\r][\n]"
16:50:34.227 [main] DEBUG org.apache.http.impl.conn.PoolingHttpClientConnectionManager - Connection [id: 1][route: {}->http://localhost:8080] can be kept alive for 60.0 seconds
16:50:34.227 [main] DEBUG org.apache.http.impl.conn.DefaultManagedHttpClientConnection - http-outgoing-1: set socket timeout to 0
16:50:34.227 [main] DEBUG org.apache.http.impl.conn.PoolingHttpClientConnectionManager - Connection released: [id: 1][route: {}->http://localhost:8080][total available: 1; route allocated: 1 of 5; total allocated: 1 of 10]
16:50:34.227 [main] DEBUG com.intuit.karate - response time in milliseconds: 14.33
1 < 200
1 < Cache-Control: no-cache, no-store, max-age=0, must-revalidate
1 < Connection: keep-alive
1 < Content-Type: application/vnd.spring-boot.actuator.v3+json
1 < Date: Tue, 10 May 2022 06:50:34 GMT
1 < Expires: 0
1 < Keep-Alive: timeout=60
1 < Pragma: no-cache
1 < Transfer-Encoding: chunked
1 < X-Content-Type-Options: nosniff
1 < X-Frame-Options: DENY
1 < X-XSS-Protection: 1; mode=block
{"build":{"version":"1.0.0-SNAPSHOT","artifact":"microservice","name":"microservice","group":"com.telstra.code-challenge","time":"2022-05-10T06:50:14.281Z"}}

16:50:34.228 [main] DEBUG com.jayway.jsonpath.internal.path.CompiledPath - Evaluating path: $
16:50:34.228 [main] DEBUG com.jayway.jsonpath.internal.path.CompiledPath - Evaluating path: $
16:50:34.228 [main] DEBUG com.jayway.jsonpath.internal.path.CompiledPath - Evaluating path: $
---------------------------------------------------------
feature: classpath:com/telstra/codechallenge/microservice.feature
scenarios:  2 | passed:  2 | failed:  0 | time: 0.6801
---------------------------------------------------------

HTML report: (paste into browser to view) | Karate version: 0.9.5
file:/C:/Users/kanav/IdeaProjects/spring-boot-coding-exercise/functional-tests/target/surefire-reports/com.telstra.codechallenge.microservice.html
---------------------------------------------------------

]]></system-out>
  </testcase>
  <testcase name="testQuotes" classname="com.telstra.codechallenge.FunctionalIT" time="5.032">
    <failure message="quotes.feature:9 - &#10;java.net.SocketTimeoutException: Read timed out" type="org.opentest4j.AssertionFailedError"><![CDATA[org.opentest4j.AssertionFailedError: 
quotes.feature:9 - 
java.net.SocketTimeoutException: Read timed out
	at org.junit.jupiter.api.AssertionUtils.fail(AssertionUtils.java:39)
	at org.junit.jupiter.api.Assertions.fail(Assertions.java:109)
	at com.intuit.karate.junit5.FeatureNode.lambda$next$0(FeatureNode.java:88)
	at org.junit.jupiter.engine.descriptor.DynamicTestTestDescriptor.lambda$execute$0(DynamicTestTestDescriptor.java:52)
	at org.junit.jupiter.engine.execution.InvocationInterceptorChain$ValidatingInvocation.proceed(InvocationInterceptorChain.java:125)
	at org.junit.jupiter.api.extension.InvocationInterceptor.interceptDynamicTest(InvocationInterceptor.java:158)
	at org.junit.jupiter.engine.descriptor.DynamicTestTestDescriptor.lambda$execute$1(DynamicTestTestDescriptor.java:58)
	at org.junit.jupiter.engine.execution.InvocationInterceptorChain$InterceptorCall.lambda$ofVoid$0(InvocationInterceptorChain.java:76)
	at org.junit.jupiter.engine.execution.InvocationInterceptorChain$InterceptedInvocation.proceed(InvocationInterceptorChain.java:104)
	at org.junit.jupiter.engine.execution.InvocationInterceptorChain.proceed(InvocationInterceptorChain.java:62)
	at org.junit.jupiter.engine.execution.InvocationInterceptorChain.chainAndInvoke(InvocationInterceptorChain.java:43)
	at org.junit.jupiter.engine.execution.InvocationInterceptorChain.invoke(InvocationInterceptorChain.java:35)
	at org.junit.jupiter.engine.descriptor.DynamicTestTestDescriptor.execute(DynamicTestTestDescriptor.java:57)
	at org.junit.jupiter.engine.descriptor.DynamicTestTestDescriptor.execute(DynamicTestTestDescriptor.java:31)
	at org.junit.platform.engine.support.hierarchical.NodeTestTask.lambda$executeRecursively$5(NodeTestTask.java:135)
	at org.junit.platform.engine.support.hierarchical.ThrowableCollector.execute(ThrowableCollector.java:73)
	at org.junit.platform.engine.support.hierarchical.NodeTestTask.lambda$executeRecursively$7(NodeTestTask.java:125)
	at org.junit.platform.engine.support.hierarchical.Node.around(Node.java:135)
	at org.junit.platform.engine.support.hierarchical.NodeTestTask.lambda$executeRecursively$8(NodeTestTask.java:123)
	at org.junit.platform.engine.support.hierarchical.ThrowableCollector.execute(ThrowableCollector.java:73)
	at org.junit.platform.engine.support.hierarchical.NodeTestTask.executeRecursively(NodeTestTask.java:122)
	at org.junit.platform.engine.support.hierarchical.NodeTestTask.execute(NodeTestTask.java:80)
	at org.junit.platform.engine.support.hierarchical.SameThreadHierarchicalTestExecutorService.submit(SameThreadHierarchicalTestExecutorService.java:32)
	at org.junit.platform.engine.support.hierarchical.NodeTestTask$DefaultDynamicTestExecutor.execute(NodeTestTask.java:198)
	at java.util.stream.ForEachOps$ForEachOp$OfRef.accept(ForEachOps.java:184)
	at java.util.stream.ReferencePipeline$3$1.accept(ReferencePipeline.java:193)
	at java.util.stream.ReferencePipeline$2$1.accept(ReferencePipeline.java:175)
	at java.util.stream.ReferencePipeline$3$1.accept(ReferencePipeline.java:193)
	at java.util.stream.ReferencePipeline$11$1.accept(ReferencePipeline.java:373)
	at java.util.Iterator.forEachRemaining(Iterator.java:116)
	at java.util.Spliterators$IteratorSpliterator.forEachRemaining(Spliterators.java:1801)
	at java.util.stream.AbstractPipeline.copyInto(AbstractPipeline.java:481)
	at java.util.stream.AbstractPipeline.wrapAndCopyInto(AbstractPipeline.java:471)
	at java.util.stream.ForEachOps$ForEachOp.evaluateSequential(ForEachOps.java:151)
	at java.util.stream.ForEachOps$ForEachOp$OfRef.evaluateSequential(ForEachOps.java:174)
	at java.util.stream.AbstractPipeline.evaluate(AbstractPipeline.java:234)
	at java.util.stream.ReferencePipeline.forEachOrdered(ReferencePipeline.java:423)
	at org.junit.jupiter.engine.descriptor.DynamicContainerTestDescriptor.execute(DynamicContainerTestDescriptor.java:65)
	at org.junit.jupiter.engine.descriptor.DynamicContainerTestDescriptor.execute(DynamicContainerTestDescriptor.java:33)
	at org.junit.platform.engine.support.hierarchical.NodeTestTask.lambda$executeRecursively$5(NodeTestTask.java:135)
	at org.junit.platform.engine.support.hierarchical.ThrowableCollector.execute(ThrowableCollector.java:73)
	at org.junit.platform.engine.support.hierarchical.NodeTestTask.lambda$executeRecursively$7(NodeTestTask.java:125)
	at org.junit.platform.engine.support.hierarchical.Node.around(Node.java:135)
	at org.junit.platform.engine.support.hierarchical.NodeTestTask.lambda$executeRecursively$8(NodeTestTask.java:123)
	at org.junit.platform.engine.support.hierarchical.ThrowableCollector.execute(ThrowableCollector.java:73)
	at org.junit.platform.engine.support.hierarchical.NodeTestTask.executeRecursively(NodeTestTask.java:122)
	at org.junit.platform.engine.support.hierarchical.NodeTestTask.execute(NodeTestTask.java:80)
	at org.junit.platform.engine.support.hierarchical.SameThreadHierarchicalTestExecutorService.submit(SameThreadHierarchicalTestExecutorService.java:32)
	at org.junit.platform.engine.support.hierarchical.NodeTestTask$DefaultDynamicTestExecutor.execute(NodeTestTask.java:198)
	at java.util.Optional.ifPresent(Optional.java:159)
	at org.junit.jupiter.engine.descriptor.TestFactoryTestDescriptor.lambda$invokeTestMethod$1(TestFactoryTestDescriptor.java:106)
	at org.junit.platform.engine.support.hierarchical.ThrowableCollector.execute(ThrowableCollector.java:73)
	at org.junit.jupiter.engine.descriptor.TestFactoryTestDescriptor.invokeTestMethod(TestFactoryTestDescriptor.java:93)
	at org.junit.jupiter.engine.descriptor.TestMethodTestDescriptor.execute(TestMethodTestDescriptor.java:135)
	at org.junit.jupiter.engine.descriptor.TestMethodTestDescriptor.execute(TestMethodTestDescriptor.java:69)
	at org.junit.platform.engine.support.hierarchical.NodeTestTask.lambda$executeRecursively$5(NodeTestTask.java:135)
	at org.junit.platform.engine.support.hierarchical.ThrowableCollector.execute(ThrowableCollector.java:73)
	at org.junit.platform.engine.support.hierarchical.NodeTestTask.lambda$executeRecursively$7(NodeTestTask.java:125)
	at org.junit.platform.engine.support.hierarchical.Node.around(Node.java:135)
	at org.junit.platform.engine.support.hierarchical.NodeTestTask.lambda$executeRecursively$8(NodeTestTask.java:123)
	at org.junit.platform.engine.support.hierarchical.ThrowableCollector.execute(ThrowableCollector.java:73)
	at org.junit.platform.engine.support.hierarchical.NodeTestTask.executeRecursively(NodeTestTask.java:122)
	at org.junit.platform.engine.support.hierarchical.NodeTestTask.execute(NodeTestTask.java:80)
	at java.util.ArrayList.forEach(ArrayList.java:1257)
	at org.junit.platform.engine.support.hierarchical.SameThreadHierarchicalTestExecutorService.invokeAll(SameThreadHierarchicalTestExecutorService.java:38)
	at org.junit.platform.engine.support.hierarchical.NodeTestTask.lambda$executeRecursively$5(NodeTestTask.java:139)
	at org.junit.platform.engine.support.hierarchical.ThrowableCollector.execute(ThrowableCollector.java:73)
	at org.junit.platform.engine.support.hierarchical.NodeTestTask.lambda$executeRecursively$7(NodeTestTask.java:125)
	at org.junit.platform.engine.support.hierarchical.Node.around(Node.java:135)
	at org.junit.platform.engine.support.hierarchical.NodeTestTask.lambda$executeRecursively$8(NodeTestTask.java:123)
	at org.junit.platform.engine.support.hierarchical.ThrowableCollector.execute(ThrowableCollector.java:73)
	at org.junit.platform.engine.support.hierarchical.NodeTestTask.executeRecursively(NodeTestTask.java:122)
	at org.junit.platform.engine.support.hierarchical.NodeTestTask.execute(NodeTestTask.java:80)
	at java.util.ArrayList.forEach(ArrayList.java:1257)
	at org.junit.platform.engine.support.hierarchical.SameThreadHierarchicalTestExecutorService.invokeAll(SameThreadHierarchicalTestExecutorService.java:38)
	at org.junit.platform.engine.support.hierarchical.NodeTestTask.lambda$executeRecursively$5(NodeTestTask.java:139)
	at org.junit.platform.engine.support.hierarchical.ThrowableCollector.execute(ThrowableCollector.java:73)
	at org.junit.platform.engine.support.hierarchical.NodeTestTask.lambda$executeRecursively$7(NodeTestTask.java:125)
	at org.junit.platform.engine.support.hierarchical.Node.around(Node.java:135)
	at org.junit.platform.engine.support.hierarchical.NodeTestTask.lambda$executeRecursively$8(NodeTestTask.java:123)
	at org.junit.platform.engine.support.hierarchical.ThrowableCollector.execute(ThrowableCollector.java:73)
	at org.junit.platform.engine.support.hierarchical.NodeTestTask.executeRecursively(NodeTestTask.java:122)
	at org.junit.platform.engine.support.hierarchical.NodeTestTask.execute(NodeTestTask.java:80)
	at org.junit.platform.engine.support.hierarchical.SameThreadHierarchicalTestExecutorService.submit(SameThreadHierarchicalTestExecutorService.java:32)
	at org.junit.platform.engine.support.hierarchical.HierarchicalTestExecutor.execute(HierarchicalTestExecutor.java:57)
	at org.junit.platform.engine.support.hierarchical.HierarchicalTestEngine.execute(HierarchicalTestEngine.java:51)
	at org.junit.platform.launcher.core.DefaultLauncher.execute(DefaultLauncher.java:229)
	at org.junit.platform.launcher.core.DefaultLauncher.lambda$execute$6(DefaultLauncher.java:197)
	at org.junit.platform.launcher.core.DefaultLauncher.withInterceptedStreams(DefaultLauncher.java:211)
	at org.junit.platform.launcher.core.DefaultLauncher.execute(DefaultLauncher.java:191)
	at org.junit.platform.launcher.core.DefaultLauncher.execute(DefaultLauncher.java:128)
	at org.apache.maven.surefire.junitplatform.LazyLauncher.execute(LazyLauncher.java:55)
	at org.apache.maven.surefire.junitplatform.JUnitPlatformProvider.execute(JUnitPlatformProvider.java:223)
	at org.apache.maven.surefire.junitplatform.JUnitPlatformProvider.invokeAllTests(JUnitPlatformProvider.java:175)
	at org.apache.maven.surefire.junitplatform.JUnitPlatformProvider.invoke(JUnitPlatformProvider.java:139)
	at org.apache.maven.surefire.booter.ForkedBooter.runSuitesInProcess(ForkedBooter.java:456)
	at org.apache.maven.surefire.booter.ForkedBooter.execute(ForkedBooter.java:169)
	at org.apache.maven.surefire.booter.ForkedBooter.run(ForkedBooter.java:595)
	at org.apache.maven.surefire.booter.ForkedBooter.main(ForkedBooter.java:581)
]]></failure>
    <system-out><![CDATA[16:50:34.329 [main] DEBUG com.jayway.jsonpath.internal.path.CompiledPath - Evaluating path: $
16:50:34.332 [main] DEBUG org.apache.http.client.protocol.RequestAddCookies - CookieSpec selected: karate
16:50:34.332 [main] DEBUG org.apache.http.client.protocol.RequestAuthCache - Auth cache not set in the context
16:50:34.332 [main] DEBUG com.intuit.karate - request:
1 > GET http://localhost:8080/quotes/random
1 > Accept-Encoding: gzip,deflate
1 > Connection: Keep-Alive
1 > Host: localhost:8080
1 > User-Agent: Apache-HttpClient/4.5.11 (Java/1.8.0_202)

16:50:34.332 [main] DEBUG org.apache.http.impl.conn.PoolingHttpClientConnectionManager - Connection request: [route: {}->http://localhost:8080][total available: 0; route allocated: 0 of 5; total allocated: 0 of 10]
16:50:34.332 [main] DEBUG org.apache.http.impl.conn.PoolingHttpClientConnectionManager - Connection leased: [id: 2][route: {}->http://localhost:8080][total available: 0; route allocated: 1 of 5; total allocated: 1 of 10]
16:50:34.333 [main] DEBUG org.apache.http.impl.execchain.MainClientExec - Opening connection {}->http://localhost:8080
16:50:34.333 [main] DEBUG org.apache.http.impl.conn.DefaultHttpClientConnectionOperator - Connecting to localhost/127.0.0.1:8080
16:50:34.333 [main] DEBUG org.apache.http.impl.conn.DefaultHttpClientConnectionOperator - Connection established 127.0.0.1:52697<->127.0.0.1:8080
16:50:34.333 [main] DEBUG org.apache.http.impl.conn.DefaultManagedHttpClientConnection - http-outgoing-2: set socket timeout to 5000
16:50:34.333 [main] DEBUG org.apache.http.impl.execchain.MainClientExec - Executing request GET /quotes/random HTTP/1.1
16:50:34.333 [main] DEBUG org.apache.http.impl.execchain.MainClientExec - Target auth state: UNCHALLENGED
16:50:34.333 [main] DEBUG org.apache.http.impl.execchain.MainClientExec - Proxy auth state: UNCHALLENGED
16:50:34.333 [main] DEBUG org.apache.http.headers - http-outgoing-2 >> GET /quotes/random HTTP/1.1
16:50:34.333 [main] DEBUG org.apache.http.headers - http-outgoing-2 >> Host: localhost:8080
16:50:34.333 [main] DEBUG org.apache.http.headers - http-outgoing-2 >> Connection: Keep-Alive
16:50:34.333 [main] DEBUG org.apache.http.headers - http-outgoing-2 >> User-Agent: Apache-HttpClient/4.5.11 (Java/1.8.0_202)
16:50:34.333 [main] DEBUG org.apache.http.headers - http-outgoing-2 >> Accept-Encoding: gzip,deflate
16:50:34.333 [main] DEBUG org.apache.http.wire - http-outgoing-2 >> "GET /quotes/random HTTP/1.1[\r][\n]"
16:50:34.334 [main] DEBUG org.apache.http.wire - http-outgoing-2 >> "Host: localhost:8080[\r][\n]"
16:50:34.334 [main] DEBUG org.apache.http.wire - http-outgoing-2 >> "Connection: Keep-Alive[\r][\n]"
16:50:34.334 [main] DEBUG org.apache.http.wire - http-outgoing-2 >> "User-Agent: Apache-HttpClient/4.5.11 (Java/1.8.0_202)[\r][\n]"
16:50:34.334 [main] DEBUG org.apache.http.wire - http-outgoing-2 >> "Accept-Encoding: gzip,deflate[\r][\n]"
16:50:34.334 [main] DEBUG org.apache.http.wire - http-outgoing-2 >> "[\r][\n]"
16:50:39.335 [main] DEBUG org.apache.http.wire - http-outgoing-2 << "[read] I/O error: Read timed out"
16:50:39.335 [main] DEBUG org.apache.http.impl.conn.DefaultManagedHttpClientConnection - http-outgoing-2: Close connection
16:50:39.336 [main] DEBUG org.apache.http.impl.conn.DefaultManagedHttpClientConnection - http-outgoing-2: Shutdown connection
16:50:39.336 [main] DEBUG org.apache.http.impl.execchain.MainClientExec - Connection discarded
16:50:39.336 [main] DEBUG org.apache.http.impl.conn.PoolingHttpClientConnectionManager - Connection released: [id: 2][route: {}->http://localhost:8080][total available: 0; route allocated: 0 of 5; total allocated: 0 of 10]
16:50:39.336 [main] ERROR com.intuit.karate - java.net.SocketTimeoutException: Read timed out, http call failed after 5004 milliseconds for URL: http://localhost:8080/quotes/random
16:50:39.336 [main] ERROR com.intuit.karate - http request failed: 
java.net.SocketTimeoutException: Read timed out
---------------------------------------------------------
feature: classpath:com/telstra/codechallenge/quotes.feature
scenarios:  1 | passed:  0 | failed:  1 | time: 5.0061
---------------------------------------------------------

HTML report: (paste into browser to view) | Karate version: 0.9.5
file:/C:/Users/kanav/IdeaProjects/spring-boot-coding-exercise/functional-tests/target/surefire-reports/com.telstra.codechallenge.quotes.html
---------------------------------------------------------

]]></system-out>
  </testcase>
  <testcase name="testQuotes" classname="com.telstra.codechallenge.FunctionalIT" time="5.031">
    <failure message="quotes.feature:27 - &#10;java.net.SocketTimeoutException: Read timed out" type="org.opentest4j.AssertionFailedError"><![CDATA[org.opentest4j.AssertionFailedError: 
quotes.feature:27 - 
java.net.SocketTimeoutException: Read timed out
	at org.junit.jupiter.api.AssertionUtils.fail(AssertionUtils.java:39)
	at org.junit.jupiter.api.Assertions.fail(Assertions.java:109)
	at com.intuit.karate.junit5.FeatureNode.lambda$next$0(FeatureNode.java:88)
	at org.junit.jupiter.engine.descriptor.DynamicTestTestDescriptor.lambda$execute$0(DynamicTestTestDescriptor.java:52)
	at org.junit.jupiter.engine.execution.InvocationInterceptorChain$ValidatingInvocation.proceed(InvocationInterceptorChain.java:125)
	at org.junit.jupiter.api.extension.InvocationInterceptor.interceptDynamicTest(InvocationInterceptor.java:158)
	at org.junit.jupiter.engine.descriptor.DynamicTestTestDescriptor.lambda$execute$1(DynamicTestTestDescriptor.java:58)
	at org.junit.jupiter.engine.execution.InvocationInterceptorChain$InterceptorCall.lambda$ofVoid$0(InvocationInterceptorChain.java:76)
	at org.junit.jupiter.engine.execution.InvocationInterceptorChain$InterceptedInvocation.proceed(InvocationInterceptorChain.java:104)
	at org.junit.jupiter.engine.execution.InvocationInterceptorChain.proceed(InvocationInterceptorChain.java:62)
	at org.junit.jupiter.engine.execution.InvocationInterceptorChain.chainAndInvoke(InvocationInterceptorChain.java:43)
	at org.junit.jupiter.engine.execution.InvocationInterceptorChain.invoke(InvocationInterceptorChain.java:35)
	at org.junit.jupiter.engine.descriptor.DynamicTestTestDescriptor.execute(DynamicTestTestDescriptor.java:57)
	at org.junit.jupiter.engine.descriptor.DynamicTestTestDescriptor.execute(DynamicTestTestDescriptor.java:31)
	at org.junit.platform.engine.support.hierarchical.NodeTestTask.lambda$executeRecursively$5(NodeTestTask.java:135)
	at org.junit.platform.engine.support.hierarchical.ThrowableCollector.execute(ThrowableCollector.java:73)
	at org.junit.platform.engine.support.hierarchical.NodeTestTask.lambda$executeRecursively$7(NodeTestTask.java:125)
	at org.junit.platform.engine.support.hierarchical.Node.around(Node.java:135)
	at org.junit.platform.engine.support.hierarchical.NodeTestTask.lambda$executeRecursively$8(NodeTestTask.java:123)
	at org.junit.platform.engine.support.hierarchical.ThrowableCollector.execute(ThrowableCollector.java:73)
	at org.junit.platform.engine.support.hierarchical.NodeTestTask.executeRecursively(NodeTestTask.java:122)
	at org.junit.platform.engine.support.hierarchical.NodeTestTask.execute(NodeTestTask.java:80)
	at org.junit.platform.engine.support.hierarchical.SameThreadHierarchicalTestExecutorService.submit(SameThreadHierarchicalTestExecutorService.java:32)
	at org.junit.platform.engine.support.hierarchical.NodeTestTask$DefaultDynamicTestExecutor.execute(NodeTestTask.java:198)
	at java.util.stream.ForEachOps$ForEachOp$OfRef.accept(ForEachOps.java:184)
	at java.util.stream.ReferencePipeline$3$1.accept(ReferencePipeline.java:193)
	at java.util.stream.ReferencePipeline$2$1.accept(ReferencePipeline.java:175)
	at java.util.stream.ReferencePipeline$3$1.accept(ReferencePipeline.java:193)
	at java.util.stream.ReferencePipeline$11$1.accept(ReferencePipeline.java:373)
	at java.util.Iterator.forEachRemaining(Iterator.java:116)
	at java.util.Spliterators$IteratorSpliterator.forEachRemaining(Spliterators.java:1801)
	at java.util.stream.AbstractPipeline.copyInto(AbstractPipeline.java:481)
	at java.util.stream.AbstractPipeline.wrapAndCopyInto(AbstractPipeline.java:471)
	at java.util.stream.ForEachOps$ForEachOp.evaluateSequential(ForEachOps.java:151)
	at java.util.stream.ForEachOps$ForEachOp$OfRef.evaluateSequential(ForEachOps.java:174)
	at java.util.stream.AbstractPipeline.evaluate(AbstractPipeline.java:234)
	at java.util.stream.ReferencePipeline.forEachOrdered(ReferencePipeline.java:423)
	at org.junit.jupiter.engine.descriptor.DynamicContainerTestDescriptor.execute(DynamicContainerTestDescriptor.java:65)
	at org.junit.jupiter.engine.descriptor.DynamicContainerTestDescriptor.execute(DynamicContainerTestDescriptor.java:33)
	at org.junit.platform.engine.support.hierarchical.NodeTestTask.lambda$executeRecursively$5(NodeTestTask.java:135)
	at org.junit.platform.engine.support.hierarchical.ThrowableCollector.execute(ThrowableCollector.java:73)
	at org.junit.platform.engine.support.hierarchical.NodeTestTask.lambda$executeRecursively$7(NodeTestTask.java:125)
	at org.junit.platform.engine.support.hierarchical.Node.around(Node.java:135)
	at org.junit.platform.engine.support.hierarchical.NodeTestTask.lambda$executeRecursively$8(NodeTestTask.java:123)
	at org.junit.platform.engine.support.hierarchical.ThrowableCollector.execute(ThrowableCollector.java:73)
	at org.junit.platform.engine.support.hierarchical.NodeTestTask.executeRecursively(NodeTestTask.java:122)
	at org.junit.platform.engine.support.hierarchical.NodeTestTask.execute(NodeTestTask.java:80)
	at org.junit.platform.engine.support.hierarchical.SameThreadHierarchicalTestExecutorService.submit(SameThreadHierarchicalTestExecutorService.java:32)
	at org.junit.platform.engine.support.hierarchical.NodeTestTask$DefaultDynamicTestExecutor.execute(NodeTestTask.java:198)
	at java.util.Optional.ifPresent(Optional.java:159)
	at org.junit.jupiter.engine.descriptor.TestFactoryTestDescriptor.lambda$invokeTestMethod$1(TestFactoryTestDescriptor.java:106)
	at org.junit.platform.engine.support.hierarchical.ThrowableCollector.execute(ThrowableCollector.java:73)
	at org.junit.jupiter.engine.descriptor.TestFactoryTestDescriptor.invokeTestMethod(TestFactoryTestDescriptor.java:93)
	at org.junit.jupiter.engine.descriptor.TestMethodTestDescriptor.execute(TestMethodTestDescriptor.java:135)
	at org.junit.jupiter.engine.descriptor.TestMethodTestDescriptor.execute(TestMethodTestDescriptor.java:69)
	at org.junit.platform.engine.support.hierarchical.NodeTestTask.lambda$executeRecursively$5(NodeTestTask.java:135)
	at org.junit.platform.engine.support.hierarchical.ThrowableCollector.execute(ThrowableCollector.java:73)
	at org.junit.platform.engine.support.hierarchical.NodeTestTask.lambda$executeRecursively$7(NodeTestTask.java:125)
	at org.junit.platform.engine.support.hierarchical.Node.around(Node.java:135)
	at org.junit.platform.engine.support.hierarchical.NodeTestTask.lambda$executeRecursively$8(NodeTestTask.java:123)
	at org.junit.platform.engine.support.hierarchical.ThrowableCollector.execute(ThrowableCollector.java:73)
	at org.junit.platform.engine.support.hierarchical.NodeTestTask.executeRecursively(NodeTestTask.java:122)
	at org.junit.platform.engine.support.hierarchical.NodeTestTask.execute(NodeTestTask.java:80)
	at java.util.ArrayList.forEach(ArrayList.java:1257)
	at org.junit.platform.engine.support.hierarchical.SameThreadHierarchicalTestExecutorService.invokeAll(SameThreadHierarchicalTestExecutorService.java:38)
	at org.junit.platform.engine.support.hierarchical.NodeTestTask.lambda$executeRecursively$5(NodeTestTask.java:139)
	at org.junit.platform.engine.support.hierarchical.ThrowableCollector.execute(ThrowableCollector.java:73)
	at org.junit.platform.engine.support.hierarchical.NodeTestTask.lambda$executeRecursively$7(NodeTestTask.java:125)
	at org.junit.platform.engine.support.hierarchical.Node.around(Node.java:135)
	at org.junit.platform.engine.support.hierarchical.NodeTestTask.lambda$executeRecursively$8(NodeTestTask.java:123)
	at org.junit.platform.engine.support.hierarchical.ThrowableCollector.execute(ThrowableCollector.java:73)
	at org.junit.platform.engine.support.hierarchical.NodeTestTask.executeRecursively(NodeTestTask.java:122)
	at org.junit.platform.engine.support.hierarchical.NodeTestTask.execute(NodeTestTask.java:80)
	at java.util.ArrayList.forEach(ArrayList.java:1257)
	at org.junit.platform.engine.support.hierarchical.SameThreadHierarchicalTestExecutorService.invokeAll(SameThreadHierarchicalTestExecutorService.java:38)
	at org.junit.platform.engine.support.hierarchical.NodeTestTask.lambda$executeRecursively$5(NodeTestTask.java:139)
	at org.junit.platform.engine.support.hierarchical.ThrowableCollector.execute(ThrowableCollector.java:73)
	at org.junit.platform.engine.support.hierarchical.NodeTestTask.lambda$executeRecursively$7(NodeTestTask.java:125)
	at org.junit.platform.engine.support.hierarchical.Node.around(Node.java:135)
	at org.junit.platform.engine.support.hierarchical.NodeTestTask.lambda$executeRecursively$8(NodeTestTask.java:123)
	at org.junit.platform.engine.support.hierarchical.ThrowableCollector.execute(ThrowableCollector.java:73)
	at org.junit.platform.engine.support.hierarchical.NodeTestTask.executeRecursively(NodeTestTask.java:122)
	at org.junit.platform.engine.support.hierarchical.NodeTestTask.execute(NodeTestTask.java:80)
	at org.junit.platform.engine.support.hierarchical.SameThreadHierarchicalTestExecutorService.submit(SameThreadHierarchicalTestExecutorService.java:32)
	at org.junit.platform.engine.support.hierarchical.HierarchicalTestExecutor.execute(HierarchicalTestExecutor.java:57)
	at org.junit.platform.engine.support.hierarchical.HierarchicalTestEngine.execute(HierarchicalTestEngine.java:51)
	at org.junit.platform.launcher.core.DefaultLauncher.execute(DefaultLauncher.java:229)
	at org.junit.platform.launcher.core.DefaultLauncher.lambda$execute$6(DefaultLauncher.java:197)
	at org.junit.platform.launcher.core.DefaultLauncher.withInterceptedStreams(DefaultLauncher.java:211)
	at org.junit.platform.launcher.core.DefaultLauncher.execute(DefaultLauncher.java:191)
	at org.junit.platform.launcher.core.DefaultLauncher.execute(DefaultLauncher.java:128)
	at org.apache.maven.surefire.junitplatform.LazyLauncher.execute(LazyLauncher.java:55)
	at org.apache.maven.surefire.junitplatform.JUnitPlatformProvider.execute(JUnitPlatformProvider.java:223)
	at org.apache.maven.surefire.junitplatform.JUnitPlatformProvider.invokeAllTests(JUnitPlatformProvider.java:175)
	at org.apache.maven.surefire.junitplatform.JUnitPlatformProvider.invoke(JUnitPlatformProvider.java:139)
	at org.apache.maven.surefire.booter.ForkedBooter.runSuitesInProcess(ForkedBooter.java:456)
	at org.apache.maven.surefire.booter.ForkedBooter.execute(ForkedBooter.java:169)
	at org.apache.maven.surefire.booter.ForkedBooter.run(ForkedBooter.java:595)
	at org.apache.maven.surefire.booter.ForkedBooter.main(ForkedBooter.java:581)
]]></failure>
    <system-out><![CDATA[16:50:39.363 [main] DEBUG com.jayway.jsonpath.internal.path.CompiledPath - Evaluating path: $
16:50:39.366 [main] DEBUG org.apache.http.client.protocol.RequestAddCookies - CookieSpec selected: karate
16:50:39.366 [main] DEBUG org.apache.http.client.protocol.RequestAuthCache - Auth cache not set in the context
16:50:39.366 [main] DEBUG com.intuit.karate - request:
1 > GET http://localhost:8080/quotes
1 > Accept-Encoding: gzip,deflate
1 > Connection: Keep-Alive
1 > Host: localhost:8080
1 > User-Agent: Apache-HttpClient/4.5.11 (Java/1.8.0_202)

16:50:39.366 [main] DEBUG org.apache.http.impl.conn.PoolingHttpClientConnectionManager - Connection request: [route: {}->http://localhost:8080][total available: 0; route allocated: 0 of 5; total allocated: 0 of 10]
16:50:39.366 [main] DEBUG org.apache.http.impl.conn.PoolingHttpClientConnectionManager - Connection leased: [id: 3][route: {}->http://localhost:8080][total available: 0; route allocated: 1 of 5; total allocated: 1 of 10]
16:50:39.366 [main] DEBUG org.apache.http.impl.execchain.MainClientExec - Opening connection {}->http://localhost:8080
16:50:39.366 [main] DEBUG org.apache.http.impl.conn.DefaultHttpClientConnectionOperator - Connecting to localhost/127.0.0.1:8080
16:50:39.367 [main] DEBUG org.apache.http.impl.conn.DefaultHttpClientConnectionOperator - Connection established 127.0.0.1:52701<->127.0.0.1:8080
16:50:39.367 [main] DEBUG org.apache.http.impl.conn.DefaultManagedHttpClientConnection - http-outgoing-3: set socket timeout to 5000
16:50:39.367 [main] DEBUG org.apache.http.impl.execchain.MainClientExec - Executing request GET /quotes HTTP/1.1
16:50:39.367 [main] DEBUG org.apache.http.impl.execchain.MainClientExec - Target auth state: UNCHALLENGED
16:50:39.367 [main] DEBUG org.apache.http.impl.execchain.MainClientExec - Proxy auth state: UNCHALLENGED
16:50:39.367 [main] DEBUG org.apache.http.headers - http-outgoing-3 >> GET /quotes HTTP/1.1
16:50:39.367 [main] DEBUG org.apache.http.headers - http-outgoing-3 >> Host: localhost:8080
16:50:39.367 [main] DEBUG org.apache.http.headers - http-outgoing-3 >> Connection: Keep-Alive
16:50:39.367 [main] DEBUG org.apache.http.headers - http-outgoing-3 >> User-Agent: Apache-HttpClient/4.5.11 (Java/1.8.0_202)
16:50:39.367 [main] DEBUG org.apache.http.headers - http-outgoing-3 >> Accept-Encoding: gzip,deflate
16:50:39.367 [main] DEBUG org.apache.http.wire - http-outgoing-3 >> "GET /quotes HTTP/1.1[\r][\n]"
16:50:39.367 [main] DEBUG org.apache.http.wire - http-outgoing-3 >> "Host: localhost:8080[\r][\n]"
16:50:39.368 [main] DEBUG org.apache.http.wire - http-outgoing-3 >> "Connection: Keep-Alive[\r][\n]"
16:50:39.368 [main] DEBUG org.apache.http.wire - http-outgoing-3 >> "User-Agent: Apache-HttpClient/4.5.11 (Java/1.8.0_202)[\r][\n]"
16:50:39.368 [main] DEBUG org.apache.http.wire - http-outgoing-3 >> "Accept-Encoding: gzip,deflate[\r][\n]"
16:50:39.368 [main] DEBUG org.apache.http.wire - http-outgoing-3 >> "[\r][\n]"
16:50:44.372 [main] DEBUG org.apache.http.wire - http-outgoing-3 << "[read] I/O error: Read timed out"
16:50:44.372 [main] DEBUG org.apache.http.impl.conn.DefaultManagedHttpClientConnection - http-outgoing-3: Close connection
16:50:44.372 [main] DEBUG org.apache.http.impl.conn.DefaultManagedHttpClientConnection - http-outgoing-3: Shutdown connection
16:50:44.372 [main] DEBUG org.apache.http.impl.execchain.MainClientExec - Connection discarded
16:50:44.372 [main] DEBUG org.apache.http.impl.conn.PoolingHttpClientConnectionManager - Connection released: [id: 3][route: {}->http://localhost:8080][total available: 0; route allocated: 0 of 5; total allocated: 0 of 10]
16:50:44.372 [main] ERROR com.intuit.karate - java.net.SocketTimeoutException: Read timed out, http call failed after 5006 milliseconds for URL: http://localhost:8080/quotes
16:50:44.373 [main] ERROR com.intuit.karate - http request failed: 
java.net.SocketTimeoutException: Read timed out
---------------------------------------------------------
feature: classpath:com/telstra/codechallenge/quotes.feature
scenarios:  3 | passed:  0 | failed:  3 | time: 15.0219
---------------------------------------------------------

HTML report: (paste into browser to view) | Karate version: 0.9.5
file:/C:/Users/kanav/IdeaProjects/spring-boot-coding-exercise/functional-tests/target/surefire-reports/com.telstra.codechallenge.quotes.html
---------------------------------------------------------

]]></system-out>
  </testcase>
  <testcase name="testHelloWorld" classname="com.telstra.codechallenge.FunctionalIT" time="0.036">
    <system-out><![CDATA[16:50:44.398 [main] DEBUG com.jayway.jsonpath.internal.path.CompiledPath - Evaluating path: $
16:50:44.400 [main] DEBUG org.apache.http.client.protocol.RequestAddCookies - CookieSpec selected: karate
16:50:44.400 [main] DEBUG org.apache.http.client.protocol.RequestAuthCache - Auth cache not set in the context
16:50:44.400 [main] DEBUG com.intuit.karate - request:
1 > GET http://localhost:8080/hello
1 > Accept-Encoding: gzip,deflate
1 > Connection: Keep-Alive
1 > Host: localhost:8080
1 > User-Agent: Apache-HttpClient/4.5.11 (Java/1.8.0_202)

16:50:44.400 [main] DEBUG org.apache.http.impl.conn.PoolingHttpClientConnectionManager - Connection request: [route: {}->http://localhost:8080][total available: 0; route allocated: 0 of 5; total allocated: 0 of 10]
16:50:44.401 [main] DEBUG org.apache.http.impl.conn.PoolingHttpClientConnectionManager - Connection leased: [id: 4][route: {}->http://localhost:8080][total available: 0; route allocated: 1 of 5; total allocated: 1 of 10]
16:50:44.401 [main] DEBUG org.apache.http.impl.execchain.MainClientExec - Opening connection {}->http://localhost:8080
16:50:44.401 [main] DEBUG org.apache.http.impl.conn.DefaultHttpClientConnectionOperator - Connecting to localhost/127.0.0.1:8080
16:50:44.401 [main] DEBUG org.apache.http.impl.conn.DefaultHttpClientConnectionOperator - Connection established 127.0.0.1:52703<->127.0.0.1:8080
16:50:44.401 [main] DEBUG org.apache.http.impl.conn.DefaultManagedHttpClientConnection - http-outgoing-4: set socket timeout to 5000
16:50:44.401 [main] DEBUG org.apache.http.impl.execchain.MainClientExec - Executing request GET /hello HTTP/1.1
16:50:44.401 [main] DEBUG org.apache.http.impl.execchain.MainClientExec - Target auth state: UNCHALLENGED
16:50:44.401 [main] DEBUG org.apache.http.impl.execchain.MainClientExec - Proxy auth state: UNCHALLENGED
16:50:44.401 [main] DEBUG org.apache.http.headers - http-outgoing-4 >> GET /hello HTTP/1.1
16:50:44.401 [main] DEBUG org.apache.http.headers - http-outgoing-4 >> Host: localhost:8080
16:50:44.401 [main] DEBUG org.apache.http.headers - http-outgoing-4 >> Connection: Keep-Alive
16:50:44.401 [main] DEBUG org.apache.http.headers - http-outgoing-4 >> User-Agent: Apache-HttpClient/4.5.11 (Java/1.8.0_202)
16:50:44.401 [main] DEBUG org.apache.http.headers - http-outgoing-4 >> Accept-Encoding: gzip,deflate
16:50:44.401 [main] DEBUG org.apache.http.wire - http-outgoing-4 >> "GET /hello HTTP/1.1[\r][\n]"
16:50:44.401 [main] DEBUG org.apache.http.wire - http-outgoing-4 >> "Host: localhost:8080[\r][\n]"
16:50:44.401 [main] DEBUG org.apache.http.wire - http-outgoing-4 >> "Connection: Keep-Alive[\r][\n]"
16:50:44.401 [main] DEBUG org.apache.http.wire - http-outgoing-4 >> "User-Agent: Apache-HttpClient/4.5.11 (Java/1.8.0_202)[\r][\n]"
16:50:44.401 [main] DEBUG org.apache.http.wire - http-outgoing-4 >> "Accept-Encoding: gzip,deflate[\r][\n]"
16:50:44.401 [main] DEBUG org.apache.http.wire - http-outgoing-4 >> "[\r][\n]"
16:50:44.407 [main] DEBUG org.apache.http.wire - http-outgoing-4 << "HTTP/1.1 200 [\r][\n]"
16:50:44.407 [main] DEBUG org.apache.http.wire - http-outgoing-4 << "X-Content-Type-Options: nosniff[\r][\n]"
16:50:44.407 [main] DEBUG org.apache.http.wire - http-outgoing-4 << "X-XSS-Protection: 1; mode=block[\r][\n]"
16:50:44.407 [main] DEBUG org.apache.http.wire - http-outgoing-4 << "Cache-Control: no-cache, no-store, max-age=0, must-revalidate[\r][\n]"
16:50:44.407 [main] DEBUG org.apache.http.wire - http-outgoing-4 << "Pragma: no-cache[\r][\n]"
16:50:44.407 [main] DEBUG org.apache.http.wire - http-outgoing-4 << "Expires: 0[\r][\n]"
16:50:44.407 [main] DEBUG org.apache.http.wire - http-outgoing-4 << "X-Frame-Options: DENY[\r][\n]"
16:50:44.407 [main] DEBUG org.apache.http.wire - http-outgoing-4 << "Content-Type: application/json[\r][\n]"
16:50:44.407 [main] DEBUG org.apache.http.wire - http-outgoing-4 << "Transfer-Encoding: chunked[\r][\n]"
16:50:44.407 [main] DEBUG org.apache.http.wire - http-outgoing-4 << "Date: Tue, 10 May 2022 06:50:44 GMT[\r][\n]"
16:50:44.407 [main] DEBUG org.apache.http.wire - http-outgoing-4 << "Keep-Alive: timeout=60[\r][\n]"
16:50:44.407 [main] DEBUG org.apache.http.wire - http-outgoing-4 << "Connection: keep-alive[\r][\n]"
16:50:44.407 [main] DEBUG org.apache.http.wire - http-outgoing-4 << "[\r][\n]"
16:50:44.407 [main] DEBUG org.apache.http.wire - http-outgoing-4 << "22[\r][\n]"
16:50:44.407 [main] DEBUG org.apache.http.wire - http-outgoing-4 << "{"id":1,"content":"Hello, World!"}[\r][\n]"
16:50:44.407 [main] DEBUG org.apache.http.headers - http-outgoing-4 << HTTP/1.1 200 
16:50:44.407 [main] DEBUG org.apache.http.headers - http-outgoing-4 << X-Content-Type-Options: nosniff
16:50:44.408 [main] DEBUG org.apache.http.headers - http-outgoing-4 << X-XSS-Protection: 1; mode=block
16:50:44.408 [main] DEBUG org.apache.http.headers - http-outgoing-4 << Cache-Control: no-cache, no-store, max-age=0, must-revalidate
16:50:44.408 [main] DEBUG org.apache.http.headers - http-outgoing-4 << Pragma: no-cache
16:50:44.408 [main] DEBUG org.apache.http.headers - http-outgoing-4 << Expires: 0
16:50:44.408 [main] DEBUG org.apache.http.headers - http-outgoing-4 << X-Frame-Options: DENY
16:50:44.408 [main] DEBUG org.apache.http.headers - http-outgoing-4 << Content-Type: application/json
16:50:44.408 [main] DEBUG org.apache.http.headers - http-outgoing-4 << Transfer-Encoding: chunked
16:50:44.408 [main] DEBUG org.apache.http.headers - http-outgoing-4 << Date: Tue, 10 May 2022 06:50:44 GMT
16:50:44.408 [main] DEBUG org.apache.http.headers - http-outgoing-4 << Keep-Alive: timeout=60
16:50:44.408 [main] DEBUG org.apache.http.headers - http-outgoing-4 << Connection: keep-alive
16:50:44.408 [main] DEBUG org.apache.http.impl.execchain.MainClientExec - Connection can be kept alive for 60000 MILLISECONDS
16:50:44.408 [main] DEBUG org.apache.http.wire - http-outgoing-4 << "0[\r][\n]"
16:50:44.408 [main] DEBUG org.apache.http.wire - http-outgoing-4 << "[\r][\n]"
16:50:44.408 [main] DEBUG org.apache.http.impl.conn.PoolingHttpClientConnectionManager - Connection [id: 4][route: {}->http://localhost:8080] can be kept alive for 60.0 seconds
16:50:44.408 [main] DEBUG org.apache.http.impl.conn.DefaultManagedHttpClientConnection - http-outgoing-4: set socket timeout to 0
16:50:44.408 [main] DEBUG org.apache.http.impl.conn.PoolingHttpClientConnectionManager - Connection released: [id: 4][route: {}->http://localhost:8080][total available: 1; route allocated: 1 of 5; total allocated: 1 of 10]
16:50:44.408 [main] DEBUG com.intuit.karate - response time in milliseconds: 7.42
1 < 200
1 < Cache-Control: no-cache, no-store, max-age=0, must-revalidate
1 < Connection: keep-alive
1 < Content-Type: application/json
1 < Date: Tue, 10 May 2022 06:50:44 GMT
1 < Expires: 0
1 < Keep-Alive: timeout=60
1 < Pragma: no-cache
1 < Transfer-Encoding: chunked
1 < X-Content-Type-Options: nosniff
1 < X-Frame-Options: DENY
1 < X-XSS-Protection: 1; mode=block
{"id":1,"content":"Hello, World!"}

16:50:44.411 [main] DEBUG com.jayway.jsonpath.internal.path.CompiledPath - Evaluating path: $['Content-Type'][0]
16:50:44.412 [main] DEBUG com.jayway.jsonpath.internal.path.CompiledPath - Evaluating path: $
16:50:44.412 [main] DEBUG com.jayway.jsonpath.internal.path.CompiledPath - Evaluating path: $
16:50:44.412 [main] DEBUG com.jayway.jsonpath.internal.path.CompiledPath - Evaluating path: $
---------------------------------------------------------
feature: classpath:com/telstra/codechallenge/helloworld.feature
scenarios:  1 | passed:  1 | failed:  0 | time: 0.0133
---------------------------------------------------------

HTML report: (paste into browser to view) | Karate version: 0.9.5
file:/C:/Users/kanav/IdeaProjects/spring-boot-coding-exercise/functional-tests/target/surefire-reports/com.telstra.codechallenge.helloworld.html
---------------------------------------------------------

]]></system-out>
  </testcase>
</testsuite>