<?xml version="1.0" encoding="UTF-8"?>
<testsuite xmlns:xsi="http://www.w3.org/2001/XMLSchema-instance" xsi:noNamespaceSchemaLocation="https://maven.apache.org/surefire/maven-surefire-plugin/xsd/surefire-test-report-3.0.xsd" version="3.0" name="com.telstra.codechallenge.MicroServiceMainTest" time="3.449" tests="1" errors="0" skipped="0" failures="0">
  <properties>
[...]
</properties>
  <testcase name="testHealth" classname="com.telstra.codechallenge.MicroServiceMainTest" time="0.484">
    <system-out><![CDATA[16:50:21.803 [main] DEBUG org.springframework.test.context.BootstrapUtils - Instantiating CacheAwareContextLoaderDelegate from class [org.springframework.test.context.cache.DefaultCacheAwareContextLoaderDelegate]
16:50:21.815 [main] DEBUG org.springframework.test.context.BootstrapUtils - Instantiating BootstrapContext using constructor [public org.springframework.test.context.support.DefaultBootstrapContext(java.lang.Class,org.springframework.test.context.CacheAwareContextLoaderDelegate)]
16:50:21.843 [main] DEBUG org.springframework.test.context.BootstrapUtils - Instantiating TestContextBootstrapper for test class [com.telstra.codechallenge.MicroServiceMainTest] from class [org.springframework.boot.test.context.SpringBootTestContextBootstrapper]
16:50:21.860 [main] INFO org.springframework.boot.test.context.SpringBootTestContextBootstrapper - Neither @ContextConfiguration nor @ContextHierarchy found for test class [com.telstra.codechallenge.MicroServiceMainTest], using SpringBootContextLoader
16:50:21.864 [main] DEBUG org.springframework.test.context.support.AbstractContextLoader - Did not detect default resource location for test class [com.telstra.codechallenge.MicroServiceMainTest]: class path resource [com/telstra/codechallenge/MicroServiceMainTest-context.xml] does not exist
16:50:21.865 [main] DEBUG org.springframework.test.context.support.AbstractContextLoader - Did not detect default resource location for test class [com.telstra.codechallenge.MicroServiceMainTest]: class path resource [com/telstra/codechallenge/MicroServiceMainTestContext.groovy] does not exist
16:50:21.865 [main] INFO org.springframework.test.context.support.AbstractContextLoader - Could not detect default resource locations for test class [com.telstra.codechallenge.MicroServiceMainTest]: no resource found for suffixes {-context.xml, Context.groovy}.
16:50:21.866 [main] INFO org.springframework.test.context.support.AnnotationConfigContextLoaderUtils - Could not detect default configuration classes for test class [com.telstra.codechallenge.MicroServiceMainTest]: MicroServiceMainTest does not declare any static, non-private, non-final, nested classes annotated with @Configuration.
16:50:21.908 [main] DEBUG org.springframework.test.context.support.ActiveProfilesUtils - Could not find an 'annotation declaring class' for annotation type [org.springframework.test.context.ActiveProfiles] and class [com.telstra.codechallenge.MicroServiceMainTest]
16:50:21.987 [main] DEBUG org.springframework.context.annotation.ClassPathScanningCandidateComponentProvider - Identified candidate component class: file [C:\Users\kanav\IdeaProjects\spring-boot-coding-exercise\microservice\target\classes\com\telstra\codechallenge\MicroServiceMain.class]
16:50:21.994 [main] INFO org.springframework.boot.test.context.SpringBootTestContextBootstrapper - Found @SpringBootConfiguration com.telstra.codechallenge.MicroServiceMain for test class com.telstra.codechallenge.MicroServiceMainTest
16:50:22.078 [main] DEBUG org.springframework.boot.test.context.SpringBootTestContextBootstrapper - @TestExecutionListeners is not present for class [com.telstra.codechallenge.MicroServiceMainTest]: using defaults.
16:50:22.079 [main] INFO org.springframework.boot.test.context.SpringBootTestContextBootstrapper - Loaded default TestExecutionListener class names from location [META-INF/spring.factories]: [org.springframework.boot.test.mock.mockito.MockitoTestExecutionListener, org.springframework.boot.test.mock.mockito.ResetMocksTestExecutionListener, org.springframework.boot.test.autoconfigure.restdocs.RestDocsTestExecutionListener, org.springframework.boot.test.autoconfigure.web.client.MockRestServiceServerResetTestExecutionListener, org.springframework.boot.test.autoconfigure.web.servlet.MockMvcPrintOnlyOnFailureTestExecutionListener, org.springframework.boot.test.autoconfigure.web.servlet.WebDriverTestExecutionListener, org.springframework.test.context.web.ServletTestExecutionListener, org.springframework.test.context.support.DirtiesContextBeforeModesTestExecutionListener, org.springframework.test.context.support.DependencyInjectionTestExecutionListener, org.springframework.test.context.support.DirtiesContextTestExecutionListener, org.springframework.test.context.transaction.TransactionalTestExecutionListener, org.springframework.test.context.jdbc.SqlScriptsTestExecutionListener, org.springframework.test.context.event.EventPublishingTestExecutionListener]
16:50:22.088 [main] DEBUG org.springframework.boot.test.context.SpringBootTestContextBootstrapper - Skipping candidate TestExecutionListener [org.springframework.test.context.transaction.TransactionalTestExecutionListener] due to a missing dependency. Specify custom listener classes or make the default listener classes and their required dependencies available. Offending class: [org/springframework/transaction/interceptor/TransactionAttributeSource]
16:50:22.089 [main] DEBUG org.springframework.boot.test.context.SpringBootTestContextBootstrapper - Skipping candidate TestExecutionListener [org.springframework.test.context.jdbc.SqlScriptsTestExecutionListener] due to a missing dependency. Specify custom listener classes or make the default listener classes and their required dependencies available. Offending class: [org/springframework/transaction/interceptor/TransactionAttribute]
16:50:22.089 [main] INFO org.springframework.boot.test.context.SpringBootTestContextBootstrapper - Using TestExecutionListeners: [org.springframework.test.context.web.ServletTestExecutionListener@247310d0, org.springframework.test.context.support.DirtiesContextBeforeModesTestExecutionListener@1033576a, org.springframework.boot.test.mock.mockito.MockitoTestExecutionListener@303cf2ba, org.springframework.boot.test.autoconfigure.SpringBootDependencyInjectionTestExecutionListener@76494737, org.springframework.test.context.support.DirtiesContextTestExecutionListener@4a003cbe, org.springframework.test.context.event.EventPublishingTestExecutionListener@4082ba93, org.springframework.boot.test.mock.mockito.ResetMocksTestExecutionListener@17fc391b, org.springframework.boot.test.autoconfigure.restdocs.RestDocsTestExecutionListener@2b30a42c, org.springframework.boot.test.autoconfigure.web.client.MockRestServiceServerResetTestExecutionListener@609e8838, org.springframework.boot.test.autoconfigure.web.servlet.MockMvcPrintOnlyOnFailureTestExecutionListener@359df09a, org.springframework.boot.test.autoconfigure.web.servlet.WebDriverTestExecutionListener@43df23d3]
16:50:22.093 [main] DEBUG org.springframework.test.context.support.AbstractDirtiesContextTestExecutionListener - Before test class: context [DefaultTestContext@3f4faf53 testClass = MicroServiceMainTest, testInstance = [null], testMethod = [null], testException = [null], mergedContextConfiguration = [WebMergedContextConfiguration@7fd50002 testClass = MicroServiceMainTest, locations = '{}', classes = '{class com.telstra.codechallenge.MicroServiceMain}', contextInitializerClasses = '[]', activeProfiles = '{}', propertySourceLocations = '{}', propertySourceProperties = '{org.springframework.boot.test.context.SpringBootTestContextBootstrapper=true, server.port=0}', contextCustomizers = set[org.springframework.boot.test.context.filter.ExcludeFilterContextCustomizer@7d8995e, org.springframework.boot.test.json.DuplicateJsonObjectContextCustomizerFactory$DuplicateJsonObjectContextCustomizer@293a5bf6, org.springframework.boot.test.mock.mockito.MockitoContextCustomizer@0, org.springframework.boot.test.web.client.TestRestTemplateContextCustomizer@7cc0cdad, org.springframework.boot.test.autoconfigure.properties.PropertyMappingContextCustomizer@0, org.springframework.boot.test.autoconfigure.web.servlet.WebDriverContextCustomizerFactory$Customizer@639c2c1d], resourceBasePath = 'src/main/webapp', contextLoader = 'org.springframework.boot.test.context.SpringBootContextLoader', parent = [null]], attributes = map['org.springframework.test.context.web.ServletTestExecutionListener.activateListener' -> false]], class annotated with @DirtiesContext [false] with mode [null].
16:50:22.102 [main] DEBUG org.springframework.test.context.support.DependencyInjectionTestExecutionListener - Performing dependency injection for test context [[DefaultTestContext@3f4faf53 testClass = MicroServiceMainTest, testInstance = com.telstra.codechallenge.MicroServiceMainTest@f1da57d, testMethod = [null], testException = [null], mergedContextConfiguration = [WebMergedContextConfiguration@7fd50002 testClass = MicroServiceMainTest, locations = '{}', classes = '{class com.telstra.codechallenge.MicroServiceMain}', contextInitializerClasses = '[]', activeProfiles = '{}', propertySourceLocations = '{}', propertySourceProperties = '{org.springframework.boot.test.context.SpringBootTestContextBootstrapper=true, server.port=0}', contextCustomizers = set[org.springframework.boot.test.context.filter.ExcludeFilterContextCustomizer@7d8995e, org.springframework.boot.test.json.DuplicateJsonObjectContextCustomizerFactory$DuplicateJsonObjectContextCustomizer@293a5bf6, org.springframework.boot.test.mock.mockito.MockitoContextCustomizer@0, org.springframework.boot.test.web.client.TestRestTemplateContextCustomizer@7cc0cdad, org.springframework.boot.test.autoconfigure.properties.PropertyMappingContextCustomizer@0, org.springframework.boot.test.autoconfigure.web.servlet.WebDriverContextCustomizerFactory$Customizer@639c2c1d], resourceBasePath = 'src/main/webapp', contextLoader = 'org.springframework.boot.test.context.SpringBootContextLoader', parent = [null]], attributes = map['org.springframework.test.context.web.ServletTestExecutionListener.activateListener' -> false]]].
16:50:22.127 [main] DEBUG org.springframework.test.context.support.TestPropertySourceUtils - Adding inlined properties to environment: {spring.jmx.enabled=false, org.springframework.boot.test.context.SpringBootTestContextBootstrapper=true, server.port=0}

  .   ____          _            __ _ _
 /\\ / ___'_ __ _ _(_)_ __  __ _ \ \ \ \
( ( )\___ | '_ | '_| | '_ \/ _` | \ \ \ \
 \\/  ___)| |_)| | | | | || (_| |  ) ) ) )
  '  |____| .__|_| |_|_| |_\__, | / / / /
 =========|_|==============|___/=/_/_/_/
 :: Spring Boot ::        (v2.2.6.RELEASE)

2022-05-10 16:50:22.362  INFO 24100 --- [           main] c.t.codechallenge.MicroServiceMainTest   : Starting MicroServiceMainTest on LAPTOP-JJV2IMA2 with PID 24100 (started by kanav in C:\Users\kanav\IdeaProjects\spring-boot-coding-exercise\microservice)
2022-05-10 16:50:22.363  INFO 24100 --- [           main] c.t.codechallenge.MicroServiceMainTest   : No active profile set, falling back to default profiles: default
2022-05-10 16:50:23.504  INFO 24100 --- [           main] o.s.b.w.embedded.tomcat.TomcatWebServer  : Tomcat initialized with port(s): 0 (http)
2022-05-10 16:50:23.512  INFO 24100 --- [           main] o.apache.catalina.core.StandardService   : Starting service [Tomcat]
2022-05-10 16:50:23.512  INFO 24100 --- [           main] org.apache.catalina.core.StandardEngine  : Starting Servlet engine: [Apache Tomcat/9.0.33]
2022-05-10 16:50:23.606  INFO 24100 --- [           main] o.a.c.c.C.[Tomcat].[localhost].[/]       : Initializing Spring embedded WebApplicationContext
2022-05-10 16:50:23.606  INFO 24100 --- [           main] o.s.web.context.ContextLoader            : Root WebApplicationContext: initialization completed in 1223 ms
2022-05-10 16:50:24.003  INFO 24100 --- [           main] .s.s.UserDetailsServiceAutoConfiguration : 

Using generated security password: 748f7dd7-287c-408c-a816-46f37f5821a2

2022-05-10 16:50:24.142  INFO 24100 --- [           main] o.s.s.web.DefaultSecurityFilterChain     : Creating filter chain: any request, [org.springframework.security.web.context.request.async.WebAsyncManagerIntegrationFilter@80bfa9d, org.springframework.security.web.context.SecurityContextPersistenceFilter@72e295cc, org.springframework.security.web.header.HeaderWriterFilter@176f7f3b, org.springframework.security.web.csrf.CsrfFilter@56cfe111, org.springframework.security.web.authentication.logout.LogoutFilter@5793b87, org.springframework.security.web.savedrequest.RequestCacheAwareFilter@6fa0450e, org.springframework.security.web.servletapi.SecurityContextHolderAwareRequestFilter@6ae62c7e, org.springframework.security.web.authentication.AnonymousAuthenticationFilter@47c40b56, org.springframework.security.web.session.SessionManagementFilter@e4e1ef5, org.springframework.security.web.access.ExceptionTranslationFilter@2100d047, org.springframework.security.web.access.intercept.FilterSecurityInterceptor@1cf0cacc]
2022-05-10 16:50:24.294  INFO 24100 --- [           main] o.s.s.concurrent.ThreadPoolTaskExecutor  : Initializing ExecutorService 'applicationTaskExecutor'
2022-05-10 16:50:24.579  INFO 24100 --- [           main] o.s.b.a.e.web.EndpointLinksResolver      : Exposing 2 endpoint(s) beneath base path '/actuator'
2022-05-10 16:50:24.666  INFO 24100 --- [           main] o.s.b.w.embedded.tomcat.TomcatWebServer  : Tomcat started on port(s): 52683 (http) with context path ''
2022-05-10 16:50:24.669  INFO 24100 --- [           main] c.t.codechallenge.MicroServiceMainTest   : Started MicroServiceMainTest in 2.539 seconds (JVM running for 3.434)
2022-05-10 16:50:25.061  INFO 24100 --- [o-auto-1-exec-1] o.a.c.c.C.[Tomcat].[localhost].[/]       : Initializing Spring DispatcherServlet 'dispatcherServlet'
2022-05-10 16:50:25.061  INFO 24100 --- [o-auto-1-exec-1] o.s.web.servlet.DispatcherServlet        : Initializing Servlet 'dispatcherServlet'
2022-05-10 16:50:25.082  INFO 24100 --- [o-auto-1-exec-1] o.s.web.servlet.DispatcherServlet        : Completed initialization in 21 ms
]]></system-out>
  </testcase>
</testsuite>